<?xml version="1.0" encoding="UTF-8"?>
<testsuite xmlns:xsi="http://www.w3.org/2001/XMLSchema-instance" xsi:noNamespaceSchemaLocation="https://maven.apache.org/surefire/maven-surefire-plugin/xsd/surefire-test-report.xsd" name="com.oms.service.EmailServiceTest" time="2.01" tests="1" errors="0" skipped="0" failures="0">
  <properties>
    <property name="sun.desktop" value="windows"/>
    <property name="awt.toolkit" value="sun.awt.windows.WToolkit"/>
    <property name="file.encoding.pkg" value="sun.io"/>
    <property name="java.specification.version" value="1.8"/>
    <property name="sun.cpu.isalist" value="amd64"/>
    <property name="sun.jnu.encoding" value="Cp1252"/>
    <property name="java.class.path" value="c:\Users\franck.besnard\GitHub\oms-modernized\email-service\target\test-classes;c:\Users\franck.besnard\GitHub\oms-modernized\email-service\target\classes;C:\Users\franck.besnard\.m2\repository\org\springframework\boot\spring-boot-starter-web\2.5.0\spring-boot-starter-web-2.5.0.jar;C:\Users\franck.besnard\.m2\repository\org\springframework\boot\spring-boot-starter\2.5.0\spring-boot-starter-2.5.0.jar;C:\Users\franck.besnard\.m2\repository\org\springframework\boot\spring-boot\2.5.0\spring-boot-2.5.0.jar;C:\Users\franck.besnard\.m2\repository\org\springframework\boot\spring-boot-autoconfigure\2.5.0\spring-boot-autoconfigure-2.5.0.jar;C:\Users\franck.besnard\.m2\repository\org\springframework\boot\spring-boot-starter-logging\2.5.0\spring-boot-starter-logging-2.5.0.jar;C:\Users\franck.besnard\.m2\repository\ch\qos\logback\logback-classic\1.2.3\logback-classic-1.2.3.jar;C:\Users\franck.besnard\.m2\repository\ch\qos\logback\logback-core\1.2.3\logback-core-1.2.3.jar;C:\Users\franck.besnard\.m2\repository\org\apache\logging\log4j\log4j-to-slf4j\2.14.1\log4j-to-slf4j-2.14.1.jar;C:\Users\franck.besnard\.m2\repository\org\apache\logging\log4j\log4j-api\2.14.1\log4j-api-2.14.1.jar;C:\Users\franck.besnard\.m2\repository\org\slf4j\jul-to-slf4j\1.7.30\jul-to-slf4j-1.7.30.jar;C:\Users\franck.besnard\.m2\repository\jakarta\annotation\jakarta.annotation-api\1.3.5\jakarta.annotation-api-1.3.5.jar;C:\Users\franck.besnard\.m2\repository\org\yaml\snakeyaml\1.28\snakeyaml-1.28.jar;C:\Users\franck.besnard\.m2\repository\org\springframework\boot\spring-boot-starter-json\2.5.0\spring-boot-starter-json-2.5.0.jar;C:\Users\franck.besnard\.m2\repository\com\fasterxml\jackson\core\jackson-databind\2.12.3\jackson-databind-2.12.3.jar;C:\Users\franck.besnard\.m2\repository\com\fasterxml\jackson\core\jackson-core\2.12.3\jackson-core-2.12.3.jar;C:\Users\franck.besnard\.m2\repository\com\fasterxml\jackson\datatype\jackson-datatype-jdk8\2.12.3\jackson-datatype-jdk8-2.12.3.jar;C:\Users\franck.besnard\.m2\repository\com\fasterxml\jackson\datatype\jackson-datatype-jsr310\2.12.3\jackson-datatype-jsr310-2.12.3.jar;C:\Users\franck.besnard\.m2\repository\com\fasterxml\jackson\module\jackson-module-parameter-names\2.12.3\jackson-module-parameter-names-2.12.3.jar;C:\Users\franck.besnard\.m2\repository\org\springframework\boot\spring-boot-starter-tomcat\2.5.0\spring-boot-starter-tomcat-2.5.0.jar;C:\Users\franck.besnard\.m2\repository\org\apache\tomcat\embed\tomcat-embed-core\9.0.46\tomcat-embed-core-9.0.46.jar;C:\Users\franck.besnard\.m2\repository\org\apache\tomcat\embed\tomcat-embed-websocket\9.0.46\tomcat-embed-websocket-9.0.46.jar;C:\Users\franck.besnard\.m2\repository\org\springframework\spring-web\5.3.7\spring-web-5.3.7.jar;C:\Users\franck.besnard\.m2\repository\org\springframework\spring-beans\5.3.7\spring-beans-5.3.7.jar;C:\Users\franck.besnard\.m2\repository\org\springframework\spring-webmvc\5.3.7\spring-webmvc-5.3.7.jar;C:\Users\franck.besnard\.m2\repository\org\springframework\spring-aop\5.3.7\spring-aop-5.3.7.jar;C:\Users\franck.besnard\.m2\repository\org\springframework\spring-context\5.3.7\spring-context-5.3.7.jar;C:\Users\franck.besnard\.m2\repository\org\springframework\spring-expression\5.3.7\spring-expression-5.3.7.jar;C:\Users\franck.besnard\.m2\repository\org\springframework\boot\spring-boot-starter-jetty\2.5.0\spring-boot-starter-jetty-2.5.0.jar;C:\Users\franck.besnard\.m2\repository\jakarta\servlet\jakarta.servlet-api\4.0.4\jakarta.servlet-api-4.0.4.jar;C:\Users\franck.besnard\.m2\repository\jakarta\websocket\jakarta.websocket-api\1.1.2\jakarta.websocket-api-1.1.2.jar;C:\Users\franck.besnard\.m2\repository\org\apache\tomcat\embed\tomcat-embed-el\9.0.46\tomcat-embed-el-9.0.46.jar;C:\Users\franck.besnard\.m2\repository\org\eclipse\jetty\jetty-servlets\9.4.41.v20210516\jetty-servlets-9.4.41.v20210516.jar;C:\Users\franck.besnard\.m2\repository\org\eclipse\jetty\jetty-continuation\9.4.41.v20210516\jetty-continuation-9.4.41.v20210516.jar;C:\Users\franck.besnard\.m2\repository\org\eclipse\jetty\jetty-http\9.4.41.v20210516\jetty-http-9.4.41.v20210516.jar;C:\Users\franck.besnard\.m2\repository\org\eclipse\jetty\jetty-util\9.4.41.v20210516\jetty-util-9.4.41.v20210516.jar;C:\Users\franck.besnard\.m2\repository\org\eclipse\jetty\jetty-io\9.4.41.v20210516\jetty-io-9.4.41.v20210516.jar;C:\Users\franck.besnard\.m2\repository\org\eclipse\jetty\jetty-webapp\9.4.41.v20210516\jetty-webapp-9.4.41.v20210516.jar;C:\Users\franck.besnard\.m2\repository\org\eclipse\jetty\jetty-xml\9.4.41.v20210516\jetty-xml-9.4.41.v20210516.jar;C:\Users\franck.besnard\.m2\repository\org\eclipse\jetty\jetty-servlet\9.4.41.v20210516\jetty-servlet-9.4.41.v20210516.jar;C:\Users\franck.besnard\.m2\repository\org\eclipse\jetty\jetty-security\9.4.41.v20210516\jetty-security-9.4.41.v20210516.jar;C:\Users\franck.besnard\.m2\repository\org\eclipse\jetty\jetty-server\9.4.41.v20210516\jetty-server-9.4.41.v20210516.jar;C:\Users\franck.besnard\.m2\repository\org\eclipse\jetty\jetty-util-ajax\9.4.41.v20210516\jetty-util-ajax-9.4.41.v20210516.jar;C:\Users\franck.besnard\.m2\repository\org\eclipse\jetty\websocket\websocket-server\9.4.41.v20210516\websocket-server-9.4.41.v20210516.jar;C:\Users\franck.besnard\.m2\repository\org\eclipse\jetty\websocket\websocket-common\9.4.41.v20210516\websocket-common-9.4.41.v20210516.jar;C:\Users\franck.besnard\.m2\repository\org\eclipse\jetty\websocket\websocket-api\9.4.41.v20210516\websocket-api-9.4.41.v20210516.jar;C:\Users\franck.besnard\.m2\repository\org\eclipse\jetty\websocket\websocket-client\9.4.41.v20210516\websocket-client-9.4.41.v20210516.jar;C:\Users\franck.besnard\.m2\repository\org\eclipse\jetty\jetty-client\9.4.41.v20210516\jetty-client-9.4.41.v20210516.jar;C:\Users\franck.besnard\.m2\repository\org\eclipse\jetty\websocket\websocket-servlet\9.4.41.v20210516\websocket-servlet-9.4.41.v20210516.jar;C:\Users\franck.besnard\.m2\repository\org\eclipse\jetty\websocket\javax-websocket-server-impl\9.4.41.v20210516\javax-websocket-server-impl-9.4.41.v20210516.jar;C:\Users\franck.besnard\.m2\repository\org\eclipse\jetty\jetty-annotations\9.4.41.v20210516\jetty-annotations-9.4.41.v20210516.jar;C:\Users\franck.besnard\.m2\repository\org\eclipse\jetty\jetty-plus\9.4.41.v20210516\jetty-plus-9.4.41.v20210516.jar;C:\Users\franck.besnard\.m2\repository\org\ow2\asm\asm\9.0\asm-9.0.jar;C:\Users\franck.besnard\.m2\repository\org\ow2\asm\asm-commons\9.0\asm-commons-9.0.jar;C:\Users\franck.besnard\.m2\repository\org\ow2\asm\asm-tree\9.0\asm-tree-9.0.jar;C:\Users\franck.besnard\.m2\repository\org\ow2\asm\asm-analysis\9.0\asm-analysis-9.0.jar;C:\Users\franck.besnard\.m2\repository\org\eclipse\jetty\websocket\javax-websocket-client-impl\9.4.41.v20210516\javax-websocket-client-impl-9.4.41.v20210516.jar;C:\Users\franck.besnard\.m2\repository\org\springframework\boot\spring-boot-starter-test\2.5.0\spring-boot-starter-test-2.5.0.jar;C:\Users\franck.besnard\.m2\repository\org\springframework\boot\spring-boot-test\2.5.0\spring-boot-test-2.5.0.jar;C:\Users\franck.besnard\.m2\repository\org\springframework\boot\spring-boot-test-autoconfigure\2.5.0\spring-boot-test-autoconfigure-2.5.0.jar;C:\Users\franck.besnard\.m2\repository\com\jayway\jsonpath\json-path\2.5.0\json-path-2.5.0.jar;C:\Users\franck.besnard\.m2\repository\net\minidev\json-smart\2.4.7\json-smart-2.4.7.jar;C:\Users\franck.besnard\.m2\repository\net\minidev\accessors-smart\2.4.7\accessors-smart-2.4.7.jar;C:\Users\franck.besnard\.m2\repository\org\slf4j\slf4j-api\1.7.30\slf4j-api-1.7.30.jar;C:\Users\franck.besnard\.m2\repository\jakarta\xml\bind\jakarta.xml.bind-api\2.3.3\jakarta.xml.bind-api-2.3.3.jar;C:\Users\franck.besnard\.m2\repository\jakarta\activation\jakarta.activation-api\1.2.2\jakarta.activation-api-1.2.2.jar;C:\Users\franck.besnard\.m2\repository\org\assertj\assertj-core\3.19.0\assertj-core-3.19.0.jar;C:\Users\franck.besnard\.m2\repository\org\hamcrest\hamcrest\2.2\hamcrest-2.2.jar;C:\Users\franck.besnard\.m2\repository\org\junit\jupiter\junit-jupiter\5.7.2\junit-jupiter-5.7.2.jar;C:\Users\franck.besnard\.m2\repository\org\junit\jupiter\junit-jupiter-params\5.7.2\junit-jupiter-params-5.7.2.jar;C:\Users\franck.besnard\.m2\repository\org\mockito\mockito-core\3.9.0\mockito-core-3.9.0.jar;C:\Users\franck.besnard\.m2\repository\net\bytebuddy\byte-buddy\1.10.22\byte-buddy-1.10.22.jar;C:\Users\franck.besnard\.m2\repository\net\bytebuddy\byte-buddy-agent\1.10.22\byte-buddy-agent-1.10.22.jar;C:\Users\franck.besnard\.m2\repository\org\objenesis\objenesis\3.2\objenesis-3.2.jar;C:\Users\franck.besnard\.m2\repository\org\skyscreamer\jsonassert\1.5.0\jsonassert-1.5.0.jar;C:\Users\franck.besnard\.m2\repository\com\vaadin\external\google\android-json\0.0.20131108.vaadin1\android-json-0.0.20131108.vaadin1.jar;C:\Users\franck.besnard\.m2\repository\org\springframework\spring-core\5.3.7\spring-core-5.3.7.jar;C:\Users\franck.besnard\.m2\repository\org\springframework\spring-jcl\5.3.7\spring-jcl-5.3.7.jar;C:\Users\franck.besnard\.m2\repository\org\springframework\spring-test\5.3.7\spring-test-5.3.7.jar;C:\Users\franck.besnard\.m2\repository\org\xmlunit\xmlunit-core\2.8.2\xmlunit-core-2.8.2.jar;C:\Users\franck.besnard\.m2\repository\org\springframework\boot\spring-boot-starter-jdbc\2.5.0\spring-boot-starter-jdbc-2.5.0.jar;C:\Users\franck.besnard\.m2\repository\com\zaxxer\HikariCP\4.0.3\HikariCP-4.0.3.jar;C:\Users\franck.besnard\.m2\repository\org\springframework\spring-jdbc\5.3.7\spring-jdbc-5.3.7.jar;C:\Users\franck.besnard\.m2\repository\org\springframework\spring-tx\5.3.7\spring-tx-5.3.7.jar;C:\Users\franck.besnard\.m2\repository\org\projectlombok\lombok\1.18.20\lombok-1.18.20.jar;C:\Users\franck.besnard\.m2\repository\org\junit\jupiter\junit-jupiter-api\5.7.0\junit-jupiter-api-5.7.0.jar;C:\Users\franck.besnard\.m2\repository\org\apiguardian\apiguardian-api\1.1.0\apiguardian-api-1.1.0.jar;C:\Users\franck.besnard\.m2\repository\org\opentest4j\opentest4j\1.2.0\opentest4j-1.2.0.jar;C:\Users\franck.besnard\.m2\repository\org\junit\platform\junit-platform-commons\1.7.2\junit-platform-commons-1.7.2.jar;C:\Users\franck.besnard\.m2\repository\org\junit\jupiter\junit-jupiter-engine\5.7.0\junit-jupiter-engine-5.7.0.jar;C:\Users\franck.besnard\.m2\repository\org\junit\platform\junit-platform-engine\1.7.2\junit-platform-engine-1.7.2.jar;C:\Users\franck.besnard\.m2\repository\org\mockito\mockito-junit-jupiter\3.7.7\mockito-junit-jupiter-3.7.7.jar;C:\Users\franck.besnard\.m2\repository\com\oms\common\1.0-SNAPSHOT\common-1.0-SNAPSHOT.jar;C:\Users\franck.besnard\.m2\repository\com\h2database\h2\1.4.200\h2-1.4.200.jar;C:\Users\franck.besnard\.m2\repository\com\fasterxml\jackson\core\jackson-annotations\2.12.3\jackson-annotations-2.12.3.jar;C:\Users\franck.besnard\.m2\repository\javax\persistence\javax.persistence-api\2.2\javax.persistence-api-2.2.jar;C:\Users\franck.besnard\.m2\repository\org\springframework\boot\spring-boot-starter-data-jpa\2.5.0\spring-boot-starter-data-jpa-2.5.0.jar;C:\Users\franck.besnard\.m2\repository\org\springframework\boot\spring-boot-starter-aop\2.5.0\spring-boot-starter-aop-2.5.0.jar;C:\Users\franck.besnard\.m2\repository\org\aspectj\aspectjweaver\1.9.6\aspectjweaver-1.9.6.jar;C:\Users\franck.besnard\.m2\repository\jakarta\transaction\jakarta.transaction-api\1.3.3\jakarta.transaction-api-1.3.3.jar;C:\Users\franck.besnard\.m2\repository\jakarta\persistence\jakarta.persistence-api\2.2.3\jakarta.persistence-api-2.2.3.jar;C:\Users\franck.besnard\.m2\repository\org\hibernate\hibernate-core\5.4.31.Final\hibernate-core-5.4.31.Final.jar;C:\Users\franck.besnard\.m2\repository\org\jboss\logging\jboss-logging\3.4.1.Final\jboss-logging-3.4.1.Final.jar;C:\Users\franck.besnard\.m2\repository\org\javassist\javassist\3.27.0-GA\javassist-3.27.0-GA.jar;C:\Users\franck.besnard\.m2\repository\antlr\antlr\2.7.7\antlr-2.7.7.jar;C:\Users\franck.besnard\.m2\repository\org\jboss\jandex\2.2.3.Final\jandex-2.2.3.Final.jar;C:\Users\franck.besnard\.m2\repository\com\fasterxml\classmate\1.5.1\classmate-1.5.1.jar;C:\Users\franck.besnard\.m2\repository\org\dom4j\dom4j\2.1.3\dom4j-2.1.3.jar;C:\Users\franck.besnard\.m2\repository\org\hibernate\common\hibernate-commons-annotations\5.1.2.Final\hibernate-commons-annotations-5.1.2.Final.jar;C:\Users\franck.besnard\.m2\repository\org\glassfish\jaxb\jaxb-runtime\2.3.4\jaxb-runtime-2.3.4.jar;C:\Users\franck.besnard\.m2\repository\org\glassfish\jaxb\txw2\2.3.4\txw2-2.3.4.jar;C:\Users\franck.besnard\.m2\repository\com\sun\istack\istack-commons-runtime\3.0.12\istack-commons-runtime-3.0.12.jar;C:\Users\franck.besnard\.m2\repository\com\sun\activation\jakarta.activation\1.2.2\jakarta.activation-1.2.2.jar;C:\Users\franck.besnard\.m2\repository\org\springframework\data\spring-data-jpa\2.5.1\spring-data-jpa-2.5.1.jar;C:\Users\franck.besnard\.m2\repository\org\springframework\data\spring-data-commons\2.5.1\spring-data-commons-2.5.1.jar;C:\Users\franck.besnard\.m2\repository\org\springframework\spring-orm\5.3.7\spring-orm-5.3.7.jar;C:\Users\franck.besnard\.m2\repository\org\springframework\spring-aspects\5.3.7\spring-aspects-5.3.7.jar;"/>
    <property name="java.vm.vendor" value="Red Hat, Inc."/>
    <property name="sun.arch.data.model" value="64"/>
    <property name="user.variant" value=""/>
    <property name="java.vendor.url" value="https://access.redhat.com/"/>
    <property name="user.timezone" value="Europe/Paris"/>
    <property name="java.vm.specification.version" value="1.8"/>
    <property name="os.name" value="Windows 10"/>
    <property name="user.country" value="FR"/>
    <property name="sun.java.launcher" value="SUN_STANDARD"/>
    <property name="sun.boot.library.path" value="C:\Applications\java-180-openjdk\jre\bin"/>
    <property name="sun.java.command" value="C:\Users\FRANCK~1.BES\AppData\Local\Temp\surefire7218481853661099992\surefirebooter5345967849903746083.jar C:\Users\franck.besnard\AppData\Local\Temp\surefire7218481853661099992 2024-04-15T19-55-30_602-jvmRun1 surefire4235158201300307038tmp surefire_03124026071231814296tmp"/>
    <property name="surefire.test.class.path" value="c:\Users\franck.besnard\GitHub\oms-modernized\email-service\target\test-classes;c:\Users\franck.besnard\GitHub\oms-modernized\email-service\target\classes;C:\Users\franck.besnard\.m2\repository\org\springframework\boot\spring-boot-starter-web\2.5.0\spring-boot-starter-web-2.5.0.jar;C:\Users\franck.besnard\.m2\repository\org\springframework\boot\spring-boot-starter\2.5.0\spring-boot-starter-2.5.0.jar;C:\Users\franck.besnard\.m2\repository\org\springframework\boot\spring-boot\2.5.0\spring-boot-2.5.0.jar;C:\Users\franck.besnard\.m2\repository\org\springframework\boot\spring-boot-autoconfigure\2.5.0\spring-boot-autoconfigure-2.5.0.jar;C:\Users\franck.besnard\.m2\repository\org\springframework\boot\spring-boot-starter-logging\2.5.0\spring-boot-starter-logging-2.5.0.jar;C:\Users\franck.besnard\.m2\repository\ch\qos\logback\logback-classic\1.2.3\logback-classic-1.2.3.jar;C:\Users\franck.besnard\.m2\repository\ch\qos\logback\logback-core\1.2.3\logback-core-1.2.3.jar;C:\Users\franck.besnard\.m2\repository\org\apache\logging\log4j\log4j-to-slf4j\2.14.1\log4j-to-slf4j-2.14.1.jar;C:\Users\franck.besnard\.m2\repository\org\apache\logging\log4j\log4j-api\2.14.1\log4j-api-2.14.1.jar;C:\Users\franck.besnard\.m2\repository\org\slf4j\jul-to-slf4j\1.7.30\jul-to-slf4j-1.7.30.jar;C:\Users\franck.besnard\.m2\repository\jakarta\annotation\jakarta.annotation-api\1.3.5\jakarta.annotation-api-1.3.5.jar;C:\Users\franck.besnard\.m2\repository\org\yaml\snakeyaml\1.28\snakeyaml-1.28.jar;C:\Users\franck.besnard\.m2\repository\org\springframework\boot\spring-boot-starter-json\2.5.0\spring-boot-starter-json-2.5.0.jar;C:\Users\franck.besnard\.m2\repository\com\fasterxml\jackson\core\jackson-databind\2.12.3\jackson-databind-2.12.3.jar;C:\Users\franck.besnard\.m2\repository\com\fasterxml\jackson\core\jackson-core\2.12.3\jackson-core-2.12.3.jar;C:\Users\franck.besnard\.m2\repository\com\fasterxml\jackson\datatype\jackson-datatype-jdk8\2.12.3\jackson-datatype-jdk8-2.12.3.jar;C:\Users\franck.besnard\.m2\repository\com\fasterxml\jackson\datatype\jackson-datatype-jsr310\2.12.3\jackson-datatype-jsr310-2.12.3.jar;C:\Users\franck.besnard\.m2\repository\com\fasterxml\jackson\module\jackson-module-parameter-names\2.12.3\jackson-module-parameter-names-2.12.3.jar;C:\Users\franck.besnard\.m2\repository\org\springframework\boot\spring-boot-starter-tomcat\2.5.0\spring-boot-starter-tomcat-2.5.0.jar;C:\Users\franck.besnard\.m2\repository\org\apache\tomcat\embed\tomcat-embed-core\9.0.46\tomcat-embed-core-9.0.46.jar;C:\Users\franck.besnard\.m2\repository\org\apache\tomcat\embed\tomcat-embed-websocket\9.0.46\tomcat-embed-websocket-9.0.46.jar;C:\Users\franck.besnard\.m2\repository\org\springframework\spring-web\5.3.7\spring-web-5.3.7.jar;C:\Users\franck.besnard\.m2\repository\org\springframework\spring-beans\5.3.7\spring-beans-5.3.7.jar;C:\Users\franck.besnard\.m2\repository\org\springframework\spring-webmvc\5.3.7\spring-webmvc-5.3.7.jar;C:\Users\franck.besnard\.m2\repository\org\springframework\spring-aop\5.3.7\spring-aop-5.3.7.jar;C:\Users\franck.besnard\.m2\repository\org\springframework\spring-context\5.3.7\spring-context-5.3.7.jar;C:\Users\franck.besnard\.m2\repository\org\springframework\spring-expression\5.3.7\spring-expression-5.3.7.jar;C:\Users\franck.besnard\.m2\repository\org\springframework\boot\spring-boot-starter-jetty\2.5.0\spring-boot-starter-jetty-2.5.0.jar;C:\Users\franck.besnard\.m2\repository\jakarta\servlet\jakarta.servlet-api\4.0.4\jakarta.servlet-api-4.0.4.jar;C:\Users\franck.besnard\.m2\repository\jakarta\websocket\jakarta.websocket-api\1.1.2\jakarta.websocket-api-1.1.2.jar;C:\Users\franck.besnard\.m2\repository\org\apache\tomcat\embed\tomcat-embed-el\9.0.46\tomcat-embed-el-9.0.46.jar;C:\Users\franck.besnard\.m2\repository\org\eclipse\jetty\jetty-servlets\9.4.41.v20210516\jetty-servlets-9.4.41.v20210516.jar;C:\Users\franck.besnard\.m2\repository\org\eclipse\jetty\jetty-continuation\9.4.41.v20210516\jetty-continuation-9.4.41.v20210516.jar;C:\Users\franck.besnard\.m2\repository\org\eclipse\jetty\jetty-http\9.4.41.v20210516\jetty-http-9.4.41.v20210516.jar;C:\Users\franck.besnard\.m2\repository\org\eclipse\jetty\jetty-util\9.4.41.v20210516\jetty-util-9.4.41.v20210516.jar;C:\Users\franck.besnard\.m2\repository\org\eclipse\jetty\jetty-io\9.4.41.v20210516\jetty-io-9.4.41.v20210516.jar;C:\Users\franck.besnard\.m2\repository\org\eclipse\jetty\jetty-webapp\9.4.41.v20210516\jetty-webapp-9.4.41.v20210516.jar;C:\Users\franck.besnard\.m2\repository\org\eclipse\jetty\jetty-xml\9.4.41.v20210516\jetty-xml-9.4.41.v20210516.jar;C:\Users\franck.besnard\.m2\repository\org\eclipse\jetty\jetty-servlet\9.4.41.v20210516\jetty-servlet-9.4.41.v20210516.jar;C:\Users\franck.besnard\.m2\repository\org\eclipse\jetty\jetty-security\9.4.41.v20210516\jetty-security-9.4.41.v20210516.jar;C:\Users\franck.besnard\.m2\repository\org\eclipse\jetty\jetty-server\9.4.41.v20210516\jetty-server-9.4.41.v20210516.jar;C:\Users\franck.besnard\.m2\repository\org\eclipse\jetty\jetty-util-ajax\9.4.41.v20210516\jetty-util-ajax-9.4.41.v20210516.jar;C:\Users\franck.besnard\.m2\repository\org\eclipse\jetty\websocket\websocket-server\9.4.41.v20210516\websocket-server-9.4.41.v20210516.jar;C:\Users\franck.besnard\.m2\repository\org\eclipse\jetty\websocket\websocket-common\9.4.41.v20210516\websocket-common-9.4.41.v20210516.jar;C:\Users\franck.besnard\.m2\repository\org\eclipse\jetty\websocket\websocket-api\9.4.41.v20210516\websocket-api-9.4.41.v20210516.jar;C:\Users\franck.besnard\.m2\repository\org\eclipse\jetty\websocket\websocket-client\9.4.41.v20210516\websocket-client-9.4.41.v20210516.jar;C:\Users\franck.besnard\.m2\repository\org\eclipse\jetty\jetty-client\9.4.41.v20210516\jetty-client-9.4.41.v20210516.jar;C:\Users\franck.besnard\.m2\repository\org\eclipse\jetty\websocket\websocket-servlet\9.4.41.v20210516\websocket-servlet-9.4.41.v20210516.jar;C:\Users\franck.besnard\.m2\repository\org\eclipse\jetty\websocket\javax-websocket-server-impl\9.4.41.v20210516\javax-websocket-server-impl-9.4.41.v20210516.jar;C:\Users\franck.besnard\.m2\repository\org\eclipse\jetty\jetty-annotations\9.4.41.v20210516\jetty-annotations-9.4.41.v20210516.jar;C:\Users\franck.besnard\.m2\repository\org\eclipse\jetty\jetty-plus\9.4.41.v20210516\jetty-plus-9.4.41.v20210516.jar;C:\Users\franck.besnard\.m2\repository\org\ow2\asm\asm\9.0\asm-9.0.jar;C:\Users\franck.besnard\.m2\repository\org\ow2\asm\asm-commons\9.0\asm-commons-9.0.jar;C:\Users\franck.besnard\.m2\repository\org\ow2\asm\asm-tree\9.0\asm-tree-9.0.jar;C:\Users\franck.besnard\.m2\repository\org\ow2\asm\asm-analysis\9.0\asm-analysis-9.0.jar;C:\Users\franck.besnard\.m2\repository\org\eclipse\jetty\websocket\javax-websocket-client-impl\9.4.41.v20210516\javax-websocket-client-impl-9.4.41.v20210516.jar;C:\Users\franck.besnard\.m2\repository\org\springframework\boot\spring-boot-starter-test\2.5.0\spring-boot-starter-test-2.5.0.jar;C:\Users\franck.besnard\.m2\repository\org\springframework\boot\spring-boot-test\2.5.0\spring-boot-test-2.5.0.jar;C:\Users\franck.besnard\.m2\repository\org\springframework\boot\spring-boot-test-autoconfigure\2.5.0\spring-boot-test-autoconfigure-2.5.0.jar;C:\Users\franck.besnard\.m2\repository\com\jayway\jsonpath\json-path\2.5.0\json-path-2.5.0.jar;C:\Users\franck.besnard\.m2\repository\net\minidev\json-smart\2.4.7\json-smart-2.4.7.jar;C:\Users\franck.besnard\.m2\repository\net\minidev\accessors-smart\2.4.7\accessors-smart-2.4.7.jar;C:\Users\franck.besnard\.m2\repository\org\slf4j\slf4j-api\1.7.30\slf4j-api-1.7.30.jar;C:\Users\franck.besnard\.m2\repository\jakarta\xml\bind\jakarta.xml.bind-api\2.3.3\jakarta.xml.bind-api-2.3.3.jar;C:\Users\franck.besnard\.m2\repository\jakarta\activation\jakarta.activation-api\1.2.2\jakarta.activation-api-1.2.2.jar;C:\Users\franck.besnard\.m2\repository\org\assertj\assertj-core\3.19.0\assertj-core-3.19.0.jar;C:\Users\franck.besnard\.m2\repository\org\hamcrest\hamcrest\2.2\hamcrest-2.2.jar;C:\Users\franck.besnard\.m2\repository\org\junit\jupiter\junit-jupiter\5.7.2\junit-jupiter-5.7.2.jar;C:\Users\franck.besnard\.m2\repository\org\junit\jupiter\junit-jupiter-params\5.7.2\junit-jupiter-params-5.7.2.jar;C:\Users\franck.besnard\.m2\repository\org\mockito\mockito-core\3.9.0\mockito-core-3.9.0.jar;C:\Users\franck.besnard\.m2\repository\net\bytebuddy\byte-buddy\1.10.22\byte-buddy-1.10.22.jar;C:\Users\franck.besnard\.m2\repository\net\bytebuddy\byte-buddy-agent\1.10.22\byte-buddy-agent-1.10.22.jar;C:\Users\franck.besnard\.m2\repository\org\objenesis\objenesis\3.2\objenesis-3.2.jar;C:\Users\franck.besnard\.m2\repository\org\skyscreamer\jsonassert\1.5.0\jsonassert-1.5.0.jar;C:\Users\franck.besnard\.m2\repository\com\vaadin\external\google\android-json\0.0.20131108.vaadin1\android-json-0.0.20131108.vaadin1.jar;C:\Users\franck.besnard\.m2\repository\org\springframework\spring-core\5.3.7\spring-core-5.3.7.jar;C:\Users\franck.besnard\.m2\repository\org\springframework\spring-jcl\5.3.7\spring-jcl-5.3.7.jar;C:\Users\franck.besnard\.m2\repository\org\springframework\spring-test\5.3.7\spring-test-5.3.7.jar;C:\Users\franck.besnard\.m2\repository\org\xmlunit\xmlunit-core\2.8.2\xmlunit-core-2.8.2.jar;C:\Users\franck.besnard\.m2\repository\org\springframework\boot\spring-boot-starter-jdbc\2.5.0\spring-boot-starter-jdbc-2.5.0.jar;C:\Users\franck.besnard\.m2\repository\com\zaxxer\HikariCP\4.0.3\HikariCP-4.0.3.jar;C:\Users\franck.besnard\.m2\repository\org\springframework\spring-jdbc\5.3.7\spring-jdbc-5.3.7.jar;C:\Users\franck.besnard\.m2\repository\org\springframework\spring-tx\5.3.7\spring-tx-5.3.7.jar;C:\Users\franck.besnard\.m2\repository\org\projectlombok\lombok\1.18.20\lombok-1.18.20.jar;C:\Users\franck.besnard\.m2\repository\org\junit\jupiter\junit-jupiter-api\5.7.0\junit-jupiter-api-5.7.0.jar;C:\Users\franck.besnard\.m2\repository\org\apiguardian\apiguardian-api\1.1.0\apiguardian-api-1.1.0.jar;C:\Users\franck.besnard\.m2\repository\org\opentest4j\opentest4j\1.2.0\opentest4j-1.2.0.jar;C:\Users\franck.besnard\.m2\repository\org\junit\platform\junit-platform-commons\1.7.2\junit-platform-commons-1.7.2.jar;C:\Users\franck.besnard\.m2\repository\org\junit\jupiter\junit-jupiter-engine\5.7.0\junit-jupiter-engine-5.7.0.jar;C:\Users\franck.besnard\.m2\repository\org\junit\platform\junit-platform-engine\1.7.2\junit-platform-engine-1.7.2.jar;C:\Users\franck.besnard\.m2\repository\org\mockito\mockito-junit-jupiter\3.7.7\mockito-junit-jupiter-3.7.7.jar;C:\Users\franck.besnard\.m2\repository\com\oms\common\1.0-SNAPSHOT\common-1.0-SNAPSHOT.jar;C:\Users\franck.besnard\.m2\repository\com\h2database\h2\1.4.200\h2-1.4.200.jar;C:\Users\franck.besnard\.m2\repository\com\fasterxml\jackson\core\jackson-annotations\2.12.3\jackson-annotations-2.12.3.jar;C:\Users\franck.besnard\.m2\repository\javax\persistence\javax.persistence-api\2.2\javax.persistence-api-2.2.jar;C:\Users\franck.besnard\.m2\repository\org\springframework\boot\spring-boot-starter-data-jpa\2.5.0\spring-boot-starter-data-jpa-2.5.0.jar;C:\Users\franck.besnard\.m2\repository\org\springframework\boot\spring-boot-starter-aop\2.5.0\spring-boot-starter-aop-2.5.0.jar;C:\Users\franck.besnard\.m2\repository\org\aspectj\aspectjweaver\1.9.6\aspectjweaver-1.9.6.jar;C:\Users\franck.besnard\.m2\repository\jakarta\transaction\jakarta.transaction-api\1.3.3\jakarta.transaction-api-1.3.3.jar;C:\Users\franck.besnard\.m2\repository\jakarta\persistence\jakarta.persistence-api\2.2.3\jakarta.persistence-api-2.2.3.jar;C:\Users\franck.besnard\.m2\repository\org\hibernate\hibernate-core\5.4.31.Final\hibernate-core-5.4.31.Final.jar;C:\Users\franck.besnard\.m2\repository\org\jboss\logging\jboss-logging\3.4.1.Final\jboss-logging-3.4.1.Final.jar;C:\Users\franck.besnard\.m2\repository\org\javassist\javassist\3.27.0-GA\javassist-3.27.0-GA.jar;C:\Users\franck.besnard\.m2\repository\antlr\antlr\2.7.7\antlr-2.7.7.jar;C:\Users\franck.besnard\.m2\repository\org\jboss\jandex\2.2.3.Final\jandex-2.2.3.Final.jar;C:\Users\franck.besnard\.m2\repository\com\fasterxml\classmate\1.5.1\classmate-1.5.1.jar;C:\Users\franck.besnard\.m2\repository\org\dom4j\dom4j\2.1.3\dom4j-2.1.3.jar;C:\Users\franck.besnard\.m2\repository\org\hibernate\common\hibernate-commons-annotations\5.1.2.Final\hibernate-commons-annotations-5.1.2.Final.jar;C:\Users\franck.besnard\.m2\repository\org\glassfish\jaxb\jaxb-runtime\2.3.4\jaxb-runtime-2.3.4.jar;C:\Users\franck.besnard\.m2\repository\org\glassfish\jaxb\txw2\2.3.4\txw2-2.3.4.jar;C:\Users\franck.besnard\.m2\repository\com\sun\istack\istack-commons-runtime\3.0.12\istack-commons-runtime-3.0.12.jar;C:\Users\franck.besnard\.m2\repository\com\sun\activation\jakarta.activation\1.2.2\jakarta.activation-1.2.2.jar;C:\Users\franck.besnard\.m2\repository\org\springframework\data\spring-data-jpa\2.5.1\spring-data-jpa-2.5.1.jar;C:\Users\franck.besnard\.m2\repository\org\springframework\data\spring-data-commons\2.5.1\spring-data-commons-2.5.1.jar;C:\Users\franck.besnard\.m2\repository\org\springframework\spring-orm\5.3.7\spring-orm-5.3.7.jar;C:\Users\franck.besnard\.m2\repository\org\springframework\spring-aspects\5.3.7\spring-aspects-5.3.7.jar;"/>
    <property name="sun.cpu.endian" value="little"/>
    <property name="user.home" value="C:\Users\franck.besnard"/>
    <property name="user.language" value="fr"/>
    <property name="java.specification.vendor" value="Oracle Corporation"/>
    <property name="java.home" value="C:\Applications\java-180-openjdk\jre"/>
    <property name="basedir" value="c:\Users\franck.besnard\GitHub\oms-modernized\email-service"/>
    <property name="file.separator" value="\"/>
    <property name="line.separator" value="&#10;"/>
    <property name="java.vm.specification.vendor" value="Oracle Corporation"/>
    <property name="java.specification.name" value="Java Platform API Specification"/>
    <property name="java.awt.graphicsenv" value="sun.awt.Win32GraphicsEnvironment"/>
    <property name="surefire.real.class.path" value="C:\Users\FRANCK~1.BES\AppData\Local\Temp\surefire7218481853661099992\surefirebooter5345967849903746083.jar"/>
    <property name="sun.boot.class.path" value="C:\Applications\java-180-openjdk\jre\lib\resources.jar;C:\Applications\java-180-openjdk\jre\lib\rt.jar;C:\Applications\java-180-openjdk\jre\lib\sunrsasign.jar;C:\Applications\java-180-openjdk\jre\lib\jsse.jar;C:\Applications\java-180-openjdk\jre\lib\jce.jar;C:\Applications\java-180-openjdk\jre\lib\charsets.jar;C:\Applications\java-180-openjdk\jre\lib\jfr.jar;C:\Applications\java-180-openjdk\jre\classes"/>
    <property name="user.script" value=""/>
    <property name="sun.management.compiler" value="HotSpot 64-Bit Tiered Compilers"/>
    <property name="java.runtime.version" value="1.8.0_392-b08"/>
    <property name="user.name" value="franck.besnard"/>
    <property name="path.separator" value=";"/>
    <property name="os.version" value="10.0"/>
    <property name="java.endorsed.dirs" value="C:\Applications\java-180-openjdk\jre\lib\endorsed"/>
    <property name="java.runtime.name" value="OpenJDK Runtime Environment"/>
    <property name="file.encoding" value="Cp1252"/>
    <property name="java.vm.name" value="OpenJDK 64-Bit Server VM"/>
    <property name="localRepository" value="C:\Users\franck.besnard\.m2\repository"/>
    <property name="java.vendor.url.bug" value="https://bugzilla.redhat.com/enter_bug.cgi"/>
    <property name="java.io.tmpdir" value="C:\Users\FRANCK~1.BES\AppData\Local\Temp\"/>
    <property name="java.version" value="1.8.0_392"/>
    <property name="user.dir" value="c:\Users\franck.besnard\GitHub\oms-modernized\email-service"/>
    <property name="os.arch" value="amd64"/>
    <property name="java.vm.specification.name" value="Java Virtual Machine Specification"/>
    <property name="java.awt.printerjob" value="sun.awt.windows.WPrinterJob"/>
    <property name="sun.os.patch.level" value=""/>
    <property name="java.library.path" value="C:\Applications\java-180-openjdk\jre\bin;C:\windows\Sun\Java\bin;C:\windows\system32;C:\windows;C:\windows\system32;C:\windows;C:\windows\System32\Wbem;C:\windows\System32\WindowsPowerShell\v1.0\;C:\windows\System32\OpenSSH\;C:\Program Files\Intel\WiFi\bin\;C:\Program Files\Common Files\Intel\WirelessCommon\;c:\Program Files (x86)\Intel\Intel(R) Management Engine Components\DAL;c:\Program Files\Intel\Intel(R) Management Engine Components\DAL;C:\Program Files\dotnet\;C:\Program Files\Git\cmd;C:\Program Files\Red Hat OpenShift Local\;C:\windows\system32\config\systemprofile\AppData\Local\Microsoft\WindowsApps;C:\Program Files\Multipass\bin;C:\Program Files\MicroK8s;C:\Program Files\MicroK8s\kubectl;C:\Users\franck.besnard\AppData\Local\Programs\Microsoft VS Code\bin;C:\Applications\java-180-openjdk\bin;C:\Applications\apache-maven-3.9.6\bin;C:\Applications\apache-ant-1.10.14\bin;C:\Applications\oc-4.14.10-windows;;C:\Users\franck.besnard\AppData\Local\Programs\Lens\resources\cli\bin;."/>
    <property name="java.vm.info" value="mixed mode"/>
    <property name="java.vendor" value="Red Hat, Inc."/>
    <property name="java.vm.version" value="25.392-b08"/>
    <property name="java.specification.maintenance.version" value="5"/>
    <property name="java.ext.dirs" value="C:\Applications\java-180-openjdk\jre\lib\ext;C:\windows\Sun\Java\lib\ext"/>
    <property name="sun.io.unicode.encoding" value="UnicodeLittle"/>
    <property name="java.class.version" value="52.0"/>
  </properties>
  <testcase name="testSendEmail" classname="com.oms.service.EmailServiceTest" time="1.994"/>
</testsuite>